Running main() from /home/carson/Projects/msu/csci-366-spring2021/grading/scripts/repos/jared_weiss/homework_2/lib/googletest/src/gtest_main.cc
[==========] Running 2 tests from 2 test suites.
[----------] Global test environment set-up.
[----------] 1 test from print_binary_representation
[ RUN      ] print_binary_representation.works
/home/carson/Projects/msu/csci-366-spring2021/grading/scripts/repos/jared_weiss/homework_2/homework_2.cpp:25: Failure
Expected equality of these values:
  "0b00000000000000000000000000000000"
  print_binary_representation(0, buffer)
    Which is: "0b000000000000000000000000000000000"
/home/carson/Projects/msu/csci-366-spring2021/grading/scripts/repos/jared_weiss/homework_2/homework_2.cpp:26: Failure
Expected equality of these values:
  "0b00000000000000000000000000000001"
  print_binary_representation(1, buffer)
    Which is: "0b000000000000000000000000000000001"
/home/carson/Projects/msu/csci-366-spring2021/grading/scripts/repos/jared_weiss/homework_2/homework_2.cpp:27: Failure
Expected equality of these values:
  "0b00000000000000000000000000000010"
  print_binary_representation(2, buffer)
    Which is: "0b000000000000000000000000000000010"
/home/carson/Projects/msu/csci-366-spring2021/grading/scripts/repos/jared_weiss/homework_2/homework_2.cpp:28: Failure
Expected equality of these values:
  "0b00000000000000000000000000000011"
  print_binary_representation(3, buffer)
    Which is: "0b000000000000000000000000000000011"
/home/carson/Projects/msu/csci-366-spring2021/grading/scripts/repos/jared_weiss/homework_2/homework_2.cpp:29: Failure
Expected equality of these values:
  "0b00000000000000000000000000000100"
  print_binary_representation(4, buffer)
    Which is: "0b000000000000000000000000000000100"
/home/carson/Projects/msu/csci-366-spring2021/grading/scripts/repos/jared_weiss/homework_2/homework_2.cpp:30: Failure
Expected equality of these values:
  "0b00000001110111111001101001000010"
  print_binary_representation(31431234, buffer)
    Which is: "0b000000001110111111001101001000010"
/home/carson/Projects/msu/csci-366-spring2021/grading/scripts/repos/jared_weiss/homework_2/homework_2.cpp:31: Failure
Expected equality of these values:
  "0b00011011111000100100001101011101"
  print_binary_representation(467813213, buffer)
    Which is: "0b000011011111000100100001101011101"
/home/carson/Projects/msu/csci-366-spring2021/grading/scripts/repos/jared_weiss/homework_2/homework_2.cpp:32: Failure
Expected equality of these values:
  "0b11111111111111111111111111111111"
  print_binary_representation((4294967295U), buffer)
    Which is: "0b011111111111111111111111111111111"
[  FAILED  ] print_binary_representation.works (1 ms)
[----------] 1 test from print_binary_representation (1 ms total)

[----------] 1 test from set_my_age
[ RUN      ] set_my_age.works
[       OK ] set_my_age.works (0 ms)
[----------] 1 test from set_my_age (0 ms total)

[----------] Global test environment tear-down
[==========] 2 tests from 2 test suites ran. (1 ms total)
[  PASSED  ] 1 test.
[  FAILED  ] 1 test, listed below:
[  FAILED  ] print_binary_representation.works

 1 FAILED TEST
